MediCare/app (1)/build (1)/intermediates (1)/manifest_merge_blame_file (1)/debug (1)/manifest-merger-blame-debug-report (1).txt
1<?xml version="1.0" encoding="utf-8"?>
2<manifest xmlns:android="http://schemas.android.com/apk/res/android"
3    package="com.example.medicare"
4    android:versionCode="1"
5    android:versionName="1.0" >
6
7    <uses-sdk
8        android:minSdkVersion="16"
8-->src\main\AndroidManifest.xml
9        android:targetSdkVersion="29" />
9-->src\main\AndroidManifest.xml
10
11    <application
11-->src\main\AndroidManifest.xml:5:5-68:19
12        android:allowBackup="true"
12-->src\main\AndroidManifest.xml:6:9-35
13        android:appComponentFactory="androidx.core.app.CoreComponentFactory"
13-->[androidx.core:core:1.0.1] AndroidManifest.xml:22:18-86
14        android:debuggable="true"
15        android:icon="@mipmap/ic_launcher"
15-->src\main\AndroidManifest.xml:7:9-43
16        android:label="@string/app_name"
16-->src\main\AndroidManifest.xml:8:9-41
17        android:roundIcon="@mipmap/ic_launcher_round"
17-->src\main\AndroidManifest.xml:9:9-54
18        android:supportsRtl="true"
18-->src\main\AndroidManifest.xml:10:9-35
19        android:theme="@style/AppTheme" >
19-->src\main\AndroidManifest.xml:11:9-40
20        <activity
20-->src\main\AndroidManifest.xml:12:9-14:52
21            android:name="com.example.medicare.RegionFour"
21-->src\main\AndroidManifest.xml:12:19-45
22            android:parentActivityName="com.example.medicare.Region"
22-->src\main\AndroidManifest.xml:13:13-49
23            android:screenOrientation="portrait" />
23-->src\main\AndroidManifest.xml:14:13-49
24        <activity
24-->src\main\AndroidManifest.xml:15:9-18:52
25            android:name="com.example.medicare.RegionThree"
25-->src\main\AndroidManifest.xml:16:13-40
26            android:parentActivityName="com.example.medicare.Region"
26-->src\main\AndroidManifest.xml:17:13-49
27            android:screenOrientation="portrait" />
27-->src\main\AndroidManifest.xml:18:13-49
28        <activity
28-->src\main\AndroidManifest.xml:19:9-22:52
29            android:name="com.example.medicare.RegionTwo"
29-->src\main\AndroidManifest.xml:20:13-38
30            android:parentActivityName="com.example.medicare.Region"
30-->src\main\AndroidManifest.xml:21:13-49
31            android:screenOrientation="portrait" />
31-->src\main\AndroidManifest.xml:22:13-49
32        <activity
32-->src\main\AndroidManifest.xml:23:9-26:52
33            android:name="com.example.medicare.RegionOne"
33-->src\main\AndroidManifest.xml:24:13-38
34            android:parentActivityName="com.example.medicare.Region"
34-->src\main\AndroidManifest.xml:25:13-49
35            android:screenOrientation="portrait" />
35-->src\main\AndroidManifest.xml:26:13-49
36        <activity
36-->src\main\AndroidManifest.xml:27:9-30:52
37            android:name="com.example.medicare.Region"
37-->src\main\AndroidManifest.xml:28:13-35
38            android:parentActivityName="com.example.medicare.SecondActivity"
38-->src\main\AndroidManifest.xml:29:13-57
39            android:screenOrientation="portrait" />
39-->src\main\AndroidManifest.xml:30:13-49
40        <activity
40-->src\main\AndroidManifest.xml:31:9-34:52
41            android:name="com.example.medicare.SecondActivity"
41-->src\main\AndroidManifest.xml:32:13-43
42            android:parentActivityName="com.example.medicare.MainActivity"
42-->src\main\AndroidManifest.xml:33:13-55
43            android:screenOrientation="portrait" />
43-->src\main\AndroidManifest.xml:34:13-49
44        <activity
44-->src\main\AndroidManifest.xml:35:9-37:52
45            android:name="com.example.medicare.DisplayDoctor"
45-->src\main\AndroidManifest.xml:36:13-42
46            android:screenOrientation="portrait" />
46-->src\main\AndroidManifest.xml:37:13-49
47        <activity
47-->src\main\AndroidManifest.xml:38:9-47:20
48            android:name="com.example.medicare.SplashScreen"
48-->src\main\AndroidManifest.xml:39:13-41
49            android:screenOrientation="portrait"
49-->src\main\AndroidManifest.xml:40:13-49
50            android:theme="@style/Theme.AppCompat.NoActionBar" >
50-->src\main\AndroidManifest.xml:41:13-63
51            <intent-filter>
51-->src\main\AndroidManifest.xml:42:13-46:29
52                <action android:name="android.intent.action.MAIN" />
52-->src\main\AndroidManifest.xml:43:17-69
52-->src\main\AndroidManifest.xml:43:25-66
53
54                <category android:name="android.intent.category.LAUNCHER" />
54-->src\main\AndroidManifest.xml:45:17-77
54-->src\main\AndroidManifest.xml:45:27-74
55            </intent-filter>
56        </activity>
57        <activity
57-->src\main\AndroidManifest.xml:48:9-51:52
58            android:name="com.example.medicare.PharmacyActivity"
58-->src\main\AndroidManifest.xml:49:13-45
59            android:parentActivityName="com.example.medicare.SecondActivity"
59-->src\main\AndroidManifest.xml:50:13-57
60            android:screenOrientation="portrait" />
60-->src\main\AndroidManifest.xml:51:13-49
61        <activity
61-->src\main\AndroidManifest.xml:52:9-55:52
62            android:name="com.example.medicare.DoctorActivity"
62-->src\main\AndroidManifest.xml:53:13-43
63            android:parentActivityName="com.example.medicare.SecondActivity"
63-->src\main\AndroidManifest.xml:54:13-57
64            android:screenOrientation="portrait" />
64-->src\main\AndroidManifest.xml:55:13-49
65        <activity
65-->src\main\AndroidManifest.xml:56:9-58:52
66            android:name="com.example.medicare.Register"
66-->src\main\AndroidManifest.xml:57:13-37
67            android:screenOrientation="portrait" />
67-->src\main\AndroidManifest.xml:58:13-49
68        <activity
68-->src\main\AndroidManifest.xml:59:9-67:20
69            android:name="com.example.medicare.MainActivity"
69-->src\main\AndroidManifest.xml:60:13-41
70            android:theme="@style/Theme.AppCompat.NoActionBar" >
70-->src\main\AndroidManifest.xml:61:13-63
71            <intent-filter>
71-->src\main\AndroidManifest.xml:62:13-66:29
72                <action android:name="android.intent.action.MAIN" />
72-->src\main\AndroidManifest.xml:43:17-69
72-->src\main\AndroidManifest.xml:43:25-66
73
74                <category android:name="android.intent.category.DEFAULT" />
74-->src\main\AndroidManifest.xml:65:17-76
74-->src\main\AndroidManifest.xml:65:27-73
75            </intent-filter>
76        </activity>
77    </application>
78
79</manifest>